[0m20:35:23.961621 [debug] [MainThread]: Sending event: {'category': 'dbt', 'action': 'invocation', 'label': 'start', 'context': [<snowplow_tracker.self_describing_json.SelfDescribingJson object at 0x107eb70e0>, <snowplow_tracker.self_describing_json.SelfDescribingJson object at 0x108e979d0>, <snowplow_tracker.self_describing_json.SelfDescribingJson object at 0x108e97b10>]}


============================== 20:35:23.963912 | 595f5372-c431-40cc-b71f-69ba6163d9d2 ==============================
[0m20:35:23.963912 [info ] [MainThread]: Running with dbt=1.10.1
[0m20:35:23.964174 [debug] [MainThread]: running dbt with arguments {'printer_width': '80', 'indirect_selection': 'eager', 'write_json': 'True', 'log_cache_events': 'False', 'partial_parse': 'True', 'cache_selected_only': 'False', 'warn_error': 'None', 'debug': 'False', 'fail_fast': 'False', 'log_path': '/Users/pranayteja/fivetran_transformations/fivetran_dbt/logs', 'profiles_dir': '/Users/pranayteja/.dbt', 'version_check': 'True', 'use_colors': 'True', 'use_experimental_parser': 'False', 'empty': 'None', 'quiet': 'False', 'no_print': 'None', 'log_format': 'default', 'static_parser': 'True', 'warn_error_options': 'WarnErrorOptionsV2(error=[], warn=[], silence=[])', 'invocation_command': 'dbt debug', 'target_path': 'None', 'introspect': 'True', 'send_anonymous_usage_stats': 'True'}
[0m20:35:23.972493 [info ] [MainThread]: dbt version: 1.10.1
[0m20:35:23.972644 [info ] [MainThread]: python version: 3.13.3
[0m20:35:23.972751 [info ] [MainThread]: python path: /Library/Frameworks/Python.framework/Versions/3.13/bin/python3.13
[0m20:35:23.972847 [info ] [MainThread]: os info: macOS-15.5-arm64-arm-64bit-Mach-O
[0m20:35:23.974111 [info ] [MainThread]: Using profiles dir at /Users/pranayteja/.dbt
[0m20:35:23.974223 [info ] [MainThread]: Using profiles.yml file at /Users/pranayteja/.dbt/profiles.yml
[0m20:35:23.974319 [info ] [MainThread]: Using dbt_project.yml file at /Users/pranayteja/fivetran_transformations/fivetran_dbt/dbt_project.yml
[0m20:35:24.010367 [info ] [MainThread]: Configuration:
[0m20:35:24.010593 [info ] [MainThread]:   profiles.yml file [[31mERROR invalid[0m]
[0m20:35:24.010708 [info ] [MainThread]:   dbt_project.yml file [[32mOK found and valid[0m]
[0m20:35:24.010814 [info ] [MainThread]: Required dependencies:
[0m20:35:24.010978 [debug] [MainThread]: Executing "git --help"
[0m20:35:24.026627 [debug] [MainThread]: STDOUT: "b"usage: git [-v | --version] [-h | --help] [-C <path>] [-c <name>=<value>]\n           [--exec-path[=<path>]] [--html-path] [--man-path] [--info-path]\n           [-p | --paginate | -P | --no-pager] [--no-replace-objects] [--bare]\n           [--git-dir=<path>] [--work-tree=<path>] [--namespace=<name>]\n           [--super-prefix=<path>] [--config-env=<name>=<envvar>]\n           <command> [<args>]\n\nThese are common Git commands used in various situations:\n\nstart a working area (see also: git help tutorial)\n   clone     Clone a repository into a new directory\n   init      Create an empty Git repository or reinitialize an existing one\n\nwork on the current change (see also: git help everyday)\n   add       Add file contents to the index\n   mv        Move or rename a file, a directory, or a symlink\n   restore   Restore working tree files\n   rm        Remove files from the working tree and from the index\n\nexamine the history and state (see also: git help revisions)\n   bisect    Use binary search to find the commit that introduced a bug\n   diff      Show changes between commits, commit and working tree, etc\n   grep      Print lines matching a pattern\n   log       Show commit logs\n   show      Show various types of objects\n   status    Show the working tree status\n\ngrow, mark and tweak your common history\n   branch    List, create, or delete branches\n   commit    Record changes to the repository\n   merge     Join two or more development histories together\n   rebase    Reapply commits on top of another base tip\n   reset     Reset current HEAD to the specified state\n   switch    Switch branches\n   tag       Create, list, delete or verify a tag object signed with GPG\n\ncollaborate (see also: git help workflows)\n   fetch     Download objects and refs from another repository\n   pull      Fetch from and integrate with another repository or a local branch\n   push      Update remote refs along with associated objects\n\n'git help -a' and 'git help -g' list available subcommands and some\nconcept guides. See 'git help <command>' or 'git help <concept>'\nto read about a specific subcommand or concept.\nSee 'git help git' for an overview of the system.\n""
[0m20:35:24.027086 [debug] [MainThread]: STDERR: "b''"
[0m20:35:24.027219 [info ] [MainThread]:  - git [[32mOK found[0m]

[0m20:35:24.027347 [info ] [MainThread]: Connection test skipped since no profile was found
[0m20:35:24.027473 [info ] [MainThread]: [31m1 check failed:[0m
[0m20:35:24.027568 [info ] [MainThread]: Profile loading failed for the following reason:
Runtime Error
  Could not find profile named 'fivetran_dbt'


[0m20:35:24.029361 [debug] [MainThread]: Resource report: {"command_name": "debug", "command_success": false, "command_wall_clock_time": 0.09667912, "process_in_blocks": "0", "process_kernel_time": 0.119573, "process_mem_max_rss": "110968832", "process_out_blocks": "0", "process_user_time": 0.550817}
[0m20:35:24.029595 [debug] [MainThread]: Command `dbt debug` failed at 20:35:24.029552 after 0.10 seconds
[0m20:35:24.029800 [debug] [MainThread]: Sending event: {'category': 'dbt', 'action': 'invocation', 'label': 'end', 'context': [<snowplow_tracker.self_describing_json.SelfDescribingJson object at 0x108378180>, <snowplow_tracker.self_describing_json.SelfDescribingJson object at 0x109031c70>, <snowplow_tracker.self_describing_json.SelfDescribingJson object at 0x108d63020>]}
[0m20:35:24.029996 [debug] [MainThread]: Flushing usage events
[0m20:35:25.179307 [debug] [MainThread]: An error was encountered while trying to flush usage events
[0m20:35:59.517924 [debug] [MainThread]: Sending event: {'category': 'dbt', 'action': 'invocation', 'label': 'start', 'context': [<snowplow_tracker.self_describing_json.SelfDescribingJson object at 0x10625b0e0>, <snowplow_tracker.self_describing_json.SelfDescribingJson object at 0x10723b9d0>, <snowplow_tracker.self_describing_json.SelfDescribingJson object at 0x10723bb10>]}


============================== 20:35:59.520321 | bb431666-cc04-45cf-ae89-cab2a6fd39e5 ==============================
[0m20:35:59.520321 [info ] [MainThread]: Running with dbt=1.10.1
[0m20:35:59.520582 [debug] [MainThread]: running dbt with arguments {'printer_width': '80', 'indirect_selection': 'eager', 'log_cache_events': 'False', 'write_json': 'True', 'partial_parse': 'True', 'cache_selected_only': 'False', 'profiles_dir': '/Users/pranayteja/.dbt', 'debug': 'False', 'fail_fast': 'False', 'log_path': '/Users/pranayteja/fivetran_transformations/fivetran_dbt/logs', 'warn_error': 'None', 'version_check': 'True', 'use_colors': 'True', 'use_experimental_parser': 'False', 'empty': 'None', 'quiet': 'False', 'no_print': 'None', 'warn_error_options': 'WarnErrorOptionsV2(error=[], warn=[], silence=[])', 'introspect': 'True', 'invocation_command': 'dbt debug', 'static_parser': 'True', 'target_path': 'None', 'log_format': 'default', 'send_anonymous_usage_stats': 'True'}
[0m20:35:59.529418 [info ] [MainThread]: dbt version: 1.10.1
[0m20:35:59.529619 [info ] [MainThread]: python version: 3.13.3
[0m20:35:59.529735 [info ] [MainThread]: python path: /Library/Frameworks/Python.framework/Versions/3.13/bin/python3.13
[0m20:35:59.529839 [info ] [MainThread]: os info: macOS-15.5-arm64-arm-64bit-Mach-O
[0m20:35:59.937959 [debug] [MainThread]: Spark adapter: Setting pyhive.hive logging to ERROR
[0m20:35:59.938180 [debug] [MainThread]: Spark adapter: Setting thrift.transport logging to ERROR
[0m20:35:59.938295 [debug] [MainThread]: Spark adapter: Setting thrift.protocol logging to ERROR
[0m20:36:00.472870 [info ] [MainThread]: Using profiles dir at /Users/pranayteja/.dbt
[0m20:36:00.473126 [info ] [MainThread]: Using profiles.yml file at /Users/pranayteja/.dbt/profiles.yml
[0m20:36:00.473270 [info ] [MainThread]: Using dbt_project.yml file at /Users/pranayteja/fivetran_transformations/fivetran_dbt/dbt_project.yml
[0m20:36:00.473377 [info ] [MainThread]: adapter type: databricks
[0m20:36:00.473488 [info ] [MainThread]: adapter version: 1.10.3
[0m20:36:00.513732 [info ] [MainThread]: Configuration:
[0m20:36:00.513972 [info ] [MainThread]:   profiles.yml file [[32mOK found and valid[0m]
[0m20:36:00.514098 [info ] [MainThread]:   dbt_project.yml file [[32mOK found and valid[0m]
[0m20:36:00.514204 [info ] [MainThread]: Required dependencies:
[0m20:36:00.514389 [debug] [MainThread]: Executing "git --help"
[0m20:36:00.530616 [debug] [MainThread]: STDOUT: "b"usage: git [-v | --version] [-h | --help] [-C <path>] [-c <name>=<value>]\n           [--exec-path[=<path>]] [--html-path] [--man-path] [--info-path]\n           [-p | --paginate | -P | --no-pager] [--no-replace-objects] [--bare]\n           [--git-dir=<path>] [--work-tree=<path>] [--namespace=<name>]\n           [--super-prefix=<path>] [--config-env=<name>=<envvar>]\n           <command> [<args>]\n\nThese are common Git commands used in various situations:\n\nstart a working area (see also: git help tutorial)\n   clone     Clone a repository into a new directory\n   init      Create an empty Git repository or reinitialize an existing one\n\nwork on the current change (see also: git help everyday)\n   add       Add file contents to the index\n   mv        Move or rename a file, a directory, or a symlink\n   restore   Restore working tree files\n   rm        Remove files from the working tree and from the index\n\nexamine the history and state (see also: git help revisions)\n   bisect    Use binary search to find the commit that introduced a bug\n   diff      Show changes between commits, commit and working tree, etc\n   grep      Print lines matching a pattern\n   log       Show commit logs\n   show      Show various types of objects\n   status    Show the working tree status\n\ngrow, mark and tweak your common history\n   branch    List, create, or delete branches\n   commit    Record changes to the repository\n   merge     Join two or more development histories together\n   rebase    Reapply commits on top of another base tip\n   reset     Reset current HEAD to the specified state\n   switch    Switch branches\n   tag       Create, list, delete or verify a tag object signed with GPG\n\ncollaborate (see also: git help workflows)\n   fetch     Download objects and refs from another repository\n   pull      Fetch from and integrate with another repository or a local branch\n   push      Update remote refs along with associated objects\n\n'git help -a' and 'git help -g' list available subcommands and some\nconcept guides. See 'git help <command>' or 'git help <concept>'\nto read about a specific subcommand or concept.\nSee 'git help git' for an overview of the system.\n""
[0m20:36:00.531097 [debug] [MainThread]: STDERR: "b''"
[0m20:36:00.531270 [info ] [MainThread]:  - git [[32mOK found[0m]

[0m20:36:00.531403 [info ] [MainThread]: Connection:
[0m20:36:00.531565 [info ] [MainThread]:   host: adb-1467453450897574.14.azuredatabricks.net
[0m20:36:00.531668 [info ] [MainThread]:   http_path: sql/protocolv1/o/1467453450897574/0617-091726-uh57x7i
[0m20:36:00.531777 [info ] [MainThread]:   catalog: hive_metastore
[0m20:36:00.531876 [info ] [MainThread]:   schema: fivetranpocsample
[0m20:36:00.532154 [info ] [MainThread]: Registered adapter: databricks=1.10.3
[0m20:36:00.592358 [debug] [MainThread]: Databricks adapter: DatabricksDBTConnection(session-id=None, name=debug, idle-time=0s, language=None, compute-name=) - Creating connection
[0m20:36:00.592679 [debug] [MainThread]: Acquiring new databricks connection 'debug'
[0m20:36:00.592830 [debug] [MainThread]: Using databricks connection "debug"
[0m20:36:00.592944 [debug] [MainThread]: On debug: select 1 as id
[0m20:36:00.593049 [debug] [MainThread]: Opening a new connection, currently in state init
[0m20:36:58.394580 [debug] [MainThread]: Sending event: {'category': 'dbt', 'action': 'invocation', 'label': 'start', 'context': [<snowplow_tracker.self_describing_json.SelfDescribingJson object at 0x1042ef0e0>, <snowplow_tracker.self_describing_json.SelfDescribingJson object at 0x1052cf9d0>, <snowplow_tracker.self_describing_json.SelfDescribingJson object at 0x1052cfb10>]}


============================== 20:36:58.397044 | 8d74b247-21fe-486e-abc9-64a0a3a02a7a ==============================
[0m20:36:58.397044 [info ] [MainThread]: Running with dbt=1.10.1
[0m20:36:58.397312 [debug] [MainThread]: running dbt with arguments {'printer_width': '80', 'indirect_selection': 'eager', 'log_cache_events': 'False', 'write_json': 'True', 'partial_parse': 'True', 'cache_selected_only': 'False', 'profiles_dir': '/Users/pranayteja/.dbt', 'version_check': 'True', 'debug': 'False', 'log_path': '/Users/pranayteja/fivetran_transformations/fivetran_dbt/logs', 'warn_error': 'None', 'fail_fast': 'False', 'use_colors': 'True', 'use_experimental_parser': 'False', 'empty': 'None', 'quiet': 'False', 'no_print': 'None', 'warn_error_options': 'WarnErrorOptionsV2(error=[], warn=[], silence=[])', 'invocation_command': 'dbt debug --config-dir', 'log_format': 'default', 'static_parser': 'True', 'target_path': 'None', 'introspect': 'True', 'send_anonymous_usage_stats': 'True'}
[0m20:36:58.405931 [info ] [MainThread]: To view your profiles.yml file, run:

open /Users/pranayteja/.dbt
[0m20:36:58.407776 [debug] [MainThread]: Resource report: {"command_name": "debug", "command_success": true, "command_wall_clock_time": 0.045443166, "process_in_blocks": "0", "process_kernel_time": 0.086157, "process_mem_max_rss": "107347968", "process_out_blocks": "0", "process_user_time": 0.504885}
[0m20:36:58.408006 [debug] [MainThread]: Command `dbt debug` succeeded at 20:36:58.407955 after 0.05 seconds
[0m20:36:58.408169 [debug] [MainThread]: Sending event: {'category': 'dbt', 'action': 'invocation', 'label': 'end', 'context': [<snowplow_tracker.self_describing_json.SelfDescribingJson object at 0x105307100>, <snowplow_tracker.self_describing_json.SelfDescribingJson object at 0x105354710>, <snowplow_tracker.self_describing_json.SelfDescribingJson object at 0x1051967a0>]}
[0m20:36:58.408311 [debug] [MainThread]: Flushing usage events
[0m20:36:59.438866 [debug] [MainThread]: An error was encountered while trying to flush usage events
[0m20:37:36.437894 [debug] [MainThread]: Sending event: {'category': 'dbt', 'action': 'invocation', 'label': 'start', 'context': [<snowplow_tracker.self_describing_json.SelfDescribingJson object at 0x1070df0e0>, <snowplow_tracker.self_describing_json.SelfDescribingJson object at 0x1105479d0>, <snowplow_tracker.self_describing_json.SelfDescribingJson object at 0x110547b10>]}


============================== 20:37:36.440409 | 6a3aa3e5-3291-4d81-a4d0-1ba663b069fb ==============================
[0m20:37:36.440409 [info ] [MainThread]: Running with dbt=1.10.1
[0m20:37:36.440691 [debug] [MainThread]: running dbt with arguments {'printer_width': '80', 'indirect_selection': 'eager', 'log_cache_events': 'False', 'write_json': 'True', 'partial_parse': 'True', 'cache_selected_only': 'False', 'profiles_dir': '/Users/pranayteja/.dbt', 'fail_fast': 'False', 'version_check': 'True', 'log_path': '/Users/pranayteja/fivetran_transformations/fivetran_dbt/logs', 'warn_error': 'None', 'debug': 'False', 'use_colors': 'True', 'use_experimental_parser': 'False', 'no_print': 'None', 'quiet': 'False', 'empty': 'None', 'log_format': 'default', 'invocation_command': 'dbt debug', 'static_parser': 'True', 'warn_error_options': 'WarnErrorOptionsV2(error=[], warn=[], silence=[])', 'target_path': 'None', 'introspect': 'True', 'send_anonymous_usage_stats': 'True'}
[0m20:37:36.448102 [info ] [MainThread]: dbt version: 1.10.1
[0m20:37:36.448289 [info ] [MainThread]: python version: 3.13.3
[0m20:37:36.448411 [info ] [MainThread]: python path: /Library/Frameworks/Python.framework/Versions/3.13/bin/python3.13
[0m20:37:36.448512 [info ] [MainThread]: os info: macOS-15.5-arm64-arm-64bit-Mach-O
[0m20:37:36.840292 [debug] [MainThread]: Spark adapter: Setting pyhive.hive logging to ERROR
[0m20:37:36.840575 [debug] [MainThread]: Spark adapter: Setting thrift.transport logging to ERROR
[0m20:37:36.840692 [debug] [MainThread]: Spark adapter: Setting thrift.protocol logging to ERROR
[0m20:37:37.183713 [info ] [MainThread]: Using profiles dir at /Users/pranayteja/.dbt
[0m20:37:37.183954 [info ] [MainThread]: Using profiles.yml file at /Users/pranayteja/.dbt/profiles.yml
[0m20:37:37.184067 [info ] [MainThread]: Using dbt_project.yml file at /Users/pranayteja/fivetran_transformations/fivetran_dbt/dbt_project.yml
[0m20:37:37.184184 [info ] [MainThread]: adapter type: databricks
[0m20:37:37.184318 [info ] [MainThread]: adapter version: 1.10.3
[0m20:37:37.221847 [info ] [MainThread]: Configuration:
[0m20:37:37.222089 [info ] [MainThread]:   profiles.yml file [[32mOK found and valid[0m]
[0m20:37:37.222213 [info ] [MainThread]:   dbt_project.yml file [[32mOK found and valid[0m]
[0m20:37:37.222324 [info ] [MainThread]: Required dependencies:
[0m20:37:37.222485 [debug] [MainThread]: Executing "git --help"
[0m20:37:37.238825 [debug] [MainThread]: STDOUT: "b"usage: git [-v | --version] [-h | --help] [-C <path>] [-c <name>=<value>]\n           [--exec-path[=<path>]] [--html-path] [--man-path] [--info-path]\n           [-p | --paginate | -P | --no-pager] [--no-replace-objects] [--bare]\n           [--git-dir=<path>] [--work-tree=<path>] [--namespace=<name>]\n           [--super-prefix=<path>] [--config-env=<name>=<envvar>]\n           <command> [<args>]\n\nThese are common Git commands used in various situations:\n\nstart a working area (see also: git help tutorial)\n   clone     Clone a repository into a new directory\n   init      Create an empty Git repository or reinitialize an existing one\n\nwork on the current change (see also: git help everyday)\n   add       Add file contents to the index\n   mv        Move or rename a file, a directory, or a symlink\n   restore   Restore working tree files\n   rm        Remove files from the working tree and from the index\n\nexamine the history and state (see also: git help revisions)\n   bisect    Use binary search to find the commit that introduced a bug\n   diff      Show changes between commits, commit and working tree, etc\n   grep      Print lines matching a pattern\n   log       Show commit logs\n   show      Show various types of objects\n   status    Show the working tree status\n\ngrow, mark and tweak your common history\n   branch    List, create, or delete branches\n   commit    Record changes to the repository\n   merge     Join two or more development histories together\n   rebase    Reapply commits on top of another base tip\n   reset     Reset current HEAD to the specified state\n   switch    Switch branches\n   tag       Create, list, delete or verify a tag object signed with GPG\n\ncollaborate (see also: git help workflows)\n   fetch     Download objects and refs from another repository\n   pull      Fetch from and integrate with another repository or a local branch\n   push      Update remote refs along with associated objects\n\n'git help -a' and 'git help -g' list available subcommands and some\nconcept guides. See 'git help <command>' or 'git help <concept>'\nto read about a specific subcommand or concept.\nSee 'git help git' for an overview of the system.\n""
[0m20:37:37.239335 [debug] [MainThread]: STDERR: "b''"
[0m20:37:37.239487 [info ] [MainThread]:  - git [[32mOK found[0m]

[0m20:37:37.239622 [info ] [MainThread]: Connection:
[0m20:37:37.239800 [info ] [MainThread]:   host: adb-1467453450897574.14.azuredatabricks.net
[0m20:37:37.239915 [info ] [MainThread]:   http_path: sql/protocolv1/o/1467453450897574/0617-091726-uh57x7i
[0m20:37:37.240034 [info ] [MainThread]:   catalog: hive_metastore
[0m20:37:37.240125 [info ] [MainThread]:   schema: fivetranpocsample
[0m20:37:37.240408 [info ] [MainThread]: Registered adapter: databricks=1.10.3
[0m20:37:37.292200 [debug] [MainThread]: Databricks adapter: DatabricksDBTConnection(session-id=None, name=debug, idle-time=0s, language=None, compute-name=) - Creating connection
[0m20:37:37.292562 [debug] [MainThread]: Acquiring new databricks connection 'debug'
[0m20:37:37.292711 [debug] [MainThread]: Using databricks connection "debug"
[0m20:37:37.292825 [debug] [MainThread]: On debug: select 1 as id
[0m20:37:37.292922 [debug] [MainThread]: Opening a new connection, currently in state init
[0m20:38:46.857583 [debug] [MainThread]: Sending event: {'category': 'dbt', 'action': 'invocation', 'label': 'start', 'context': [<snowplow_tracker.self_describing_json.SelfDescribingJson object at 0x1042a30e0>, <snowplow_tracker.self_describing_json.SelfDescribingJson object at 0x1052879d0>, <snowplow_tracker.self_describing_json.SelfDescribingJson object at 0x105287b10>]}


============================== 20:38:46.860143 | 2718186a-873d-4af1-99fe-9f3719f657b2 ==============================
[0m20:38:46.860143 [info ] [MainThread]: Running with dbt=1.10.1
[0m20:38:46.860412 [debug] [MainThread]: running dbt with arguments {'printer_width': '80', 'indirect_selection': 'eager', 'log_cache_events': 'False', 'write_json': 'True', 'partial_parse': 'True', 'cache_selected_only': 'False', 'profiles_dir': '/Users/pranayteja/.dbt', 'fail_fast': 'False', 'version_check': 'True', 'log_path': '/Users/pranayteja/fivetran_transformations/fivetran_dbt/logs', 'debug': 'False', 'warn_error': 'None', 'use_colors': 'True', 'use_experimental_parser': 'False', 'no_print': 'None', 'quiet': 'False', 'empty': 'None', 'warn_error_options': 'WarnErrorOptionsV2(error=[], warn=[], silence=[])', 'static_parser': 'True', 'log_format': 'default', 'invocation_command': 'dbt debug', 'target_path': 'None', 'introspect': 'True', 'send_anonymous_usage_stats': 'True'}
[0m20:38:46.868758 [info ] [MainThread]: dbt version: 1.10.1
[0m20:38:46.868937 [info ] [MainThread]: python version: 3.13.3
[0m20:38:46.869056 [info ] [MainThread]: python path: /Library/Frameworks/Python.framework/Versions/3.13/bin/python3.13
[0m20:38:46.869159 [info ] [MainThread]: os info: macOS-15.5-arm64-arm-64bit-Mach-O
[0m20:38:47.249570 [debug] [MainThread]: Spark adapter: Setting pyhive.hive logging to ERROR
[0m20:38:47.249849 [debug] [MainThread]: Spark adapter: Setting thrift.transport logging to ERROR
[0m20:38:47.249974 [debug] [MainThread]: Spark adapter: Setting thrift.protocol logging to ERROR
[0m20:38:47.597335 [info ] [MainThread]: Using profiles dir at /Users/pranayteja/.dbt
[0m20:38:47.597606 [info ] [MainThread]: Using profiles.yml file at /Users/pranayteja/.dbt/profiles.yml
[0m20:38:47.597744 [info ] [MainThread]: Using dbt_project.yml file at /Users/pranayteja/fivetran_transformations/fivetran_dbt/dbt_project.yml
[0m20:38:47.597866 [info ] [MainThread]: adapter type: databricks
[0m20:38:47.597970 [info ] [MainThread]: adapter version: 1.10.3
[0m20:38:47.635791 [info ] [MainThread]: Configuration:
[0m20:38:47.636041 [info ] [MainThread]:   profiles.yml file [[32mOK found and valid[0m]
[0m20:38:47.636163 [info ] [MainThread]:   dbt_project.yml file [[32mOK found and valid[0m]
[0m20:38:47.636269 [info ] [MainThread]: Required dependencies:
[0m20:38:47.636432 [debug] [MainThread]: Executing "git --help"
[0m20:38:47.655995 [debug] [MainThread]: STDOUT: "b"usage: git [-v | --version] [-h | --help] [-C <path>] [-c <name>=<value>]\n           [--exec-path[=<path>]] [--html-path] [--man-path] [--info-path]\n           [-p | --paginate | -P | --no-pager] [--no-replace-objects] [--bare]\n           [--git-dir=<path>] [--work-tree=<path>] [--namespace=<name>]\n           [--super-prefix=<path>] [--config-env=<name>=<envvar>]\n           <command> [<args>]\n\nThese are common Git commands used in various situations:\n\nstart a working area (see also: git help tutorial)\n   clone     Clone a repository into a new directory\n   init      Create an empty Git repository or reinitialize an existing one\n\nwork on the current change (see also: git help everyday)\n   add       Add file contents to the index\n   mv        Move or rename a file, a directory, or a symlink\n   restore   Restore working tree files\n   rm        Remove files from the working tree and from the index\n\nexamine the history and state (see also: git help revisions)\n   bisect    Use binary search to find the commit that introduced a bug\n   diff      Show changes between commits, commit and working tree, etc\n   grep      Print lines matching a pattern\n   log       Show commit logs\n   show      Show various types of objects\n   status    Show the working tree status\n\ngrow, mark and tweak your common history\n   branch    List, create, or delete branches\n   commit    Record changes to the repository\n   merge     Join two or more development histories together\n   rebase    Reapply commits on top of another base tip\n   reset     Reset current HEAD to the specified state\n   switch    Switch branches\n   tag       Create, list, delete or verify a tag object signed with GPG\n\ncollaborate (see also: git help workflows)\n   fetch     Download objects and refs from another repository\n   pull      Fetch from and integrate with another repository or a local branch\n   push      Update remote refs along with associated objects\n\n'git help -a' and 'git help -g' list available subcommands and some\nconcept guides. See 'git help <command>' or 'git help <concept>'\nto read about a specific subcommand or concept.\nSee 'git help git' for an overview of the system.\n""
[0m20:38:47.656539 [debug] [MainThread]: STDERR: "b''"
[0m20:38:47.656688 [info ] [MainThread]:  - git [[32mOK found[0m]

[0m20:38:47.656826 [info ] [MainThread]: Connection:
[0m20:38:47.656964 [info ] [MainThread]:   host: adb-1467453450897574.14.azuredatabricks.net
[0m20:38:47.657066 [info ] [MainThread]:   http_path: sql/protocolv1/o/1467453450897574/0617-091726-uh57x7i
[0m20:38:47.657162 [info ] [MainThread]:   catalog: hive_metastore
[0m20:38:47.657262 [info ] [MainThread]:   schema: fivetranpocsample
[0m20:38:47.657358 [info ] [MainThread]:   session_properties: {'spark.databricks.delta.preview.enabled': True}
[0m20:38:47.657663 [info ] [MainThread]: Registered adapter: databricks=1.10.3
[0m20:38:47.709099 [debug] [MainThread]: Databricks adapter: DatabricksDBTConnection(session-id=None, name=debug, idle-time=0s, language=None, compute-name=) - Creating connection
[0m20:38:47.709429 [debug] [MainThread]: Acquiring new databricks connection 'debug'
[0m20:38:47.709570 [debug] [MainThread]: Using databricks connection "debug"
[0m20:38:47.709693 [debug] [MainThread]: On debug: select 1 as id
[0m20:38:47.709790 [debug] [MainThread]: Opening a new connection, currently in state init
[0m20:41:14.125695 [debug] [MainThread]: Sending event: {'category': 'dbt', 'action': 'invocation', 'label': 'start', 'context': [<snowplow_tracker.self_describing_json.SelfDescribingJson object at 0x1130d30e0>, <snowplow_tracker.self_describing_json.SelfDescribingJson object at 0x11464b9d0>, <snowplow_tracker.self_describing_json.SelfDescribingJson object at 0x11464bb10>]}


============================== 20:41:14.128251 | 457092e4-1bfa-411b-ba01-a1a7784cefbc ==============================
[0m20:41:14.128251 [info ] [MainThread]: Running with dbt=1.10.1
[0m20:41:14.128519 [debug] [MainThread]: running dbt with arguments {'printer_width': '80', 'indirect_selection': 'eager', 'log_cache_events': 'False', 'write_json': 'True', 'partial_parse': 'True', 'cache_selected_only': 'False', 'profiles_dir': '/Users/pranayteja/.dbt', 'version_check': 'True', 'debug': 'False', 'log_path': '/Users/pranayteja/fivetran_transformations/fivetran_dbt/logs', 'fail_fast': 'False', 'warn_error': 'None', 'use_colors': 'True', 'use_experimental_parser': 'False', 'no_print': 'None', 'quiet': 'False', 'empty': 'None', 'warn_error_options': 'WarnErrorOptionsV2(error=[], warn=[], silence=[])', 'invocation_command': 'dbt debug', 'log_format': 'default', 'introspect': 'True', 'target_path': 'None', 'static_parser': 'True', 'send_anonymous_usage_stats': 'True'}
[0m20:41:14.136894 [info ] [MainThread]: dbt version: 1.10.1
[0m20:41:14.137068 [info ] [MainThread]: python version: 3.13.3
[0m20:41:14.137186 [info ] [MainThread]: python path: /Library/Frameworks/Python.framework/Versions/3.13/bin/python3.13
[0m20:41:14.137296 [info ] [MainThread]: os info: macOS-15.5-arm64-arm-64bit-Mach-O
[0m20:41:14.528917 [debug] [MainThread]: Spark adapter: Setting pyhive.hive logging to ERROR
[0m20:41:14.529151 [debug] [MainThread]: Spark adapter: Setting thrift.transport logging to ERROR
[0m20:41:14.529265 [debug] [MainThread]: Spark adapter: Setting thrift.protocol logging to ERROR
[0m20:41:14.998615 [info ] [MainThread]: Using profiles dir at /Users/pranayteja/.dbt
[0m20:41:14.998850 [info ] [MainThread]: Using profiles.yml file at /Users/pranayteja/.dbt/profiles.yml
[0m20:41:14.998959 [info ] [MainThread]: Using dbt_project.yml file at /Users/pranayteja/fivetran_transformations/fivetran_dbt/dbt_project.yml
[0m20:41:14.999083 [info ] [MainThread]: adapter type: databricks
[0m20:41:14.999192 [info ] [MainThread]: adapter version: 1.10.3
[0m20:41:15.037106 [info ] [MainThread]: Configuration:
[0m20:41:15.037356 [info ] [MainThread]:   profiles.yml file [[32mOK found and valid[0m]
[0m20:41:15.037482 [info ] [MainThread]:   dbt_project.yml file [[32mOK found and valid[0m]
[0m20:41:15.037600 [info ] [MainThread]: Required dependencies:
[0m20:41:15.037773 [debug] [MainThread]: Executing "git --help"
[0m20:41:15.055593 [debug] [MainThread]: STDOUT: "b"usage: git [-v | --version] [-h | --help] [-C <path>] [-c <name>=<value>]\n           [--exec-path[=<path>]] [--html-path] [--man-path] [--info-path]\n           [-p | --paginate | -P | --no-pager] [--no-replace-objects] [--bare]\n           [--git-dir=<path>] [--work-tree=<path>] [--namespace=<name>]\n           [--super-prefix=<path>] [--config-env=<name>=<envvar>]\n           <command> [<args>]\n\nThese are common Git commands used in various situations:\n\nstart a working area (see also: git help tutorial)\n   clone     Clone a repository into a new directory\n   init      Create an empty Git repository or reinitialize an existing one\n\nwork on the current change (see also: git help everyday)\n   add       Add file contents to the index\n   mv        Move or rename a file, a directory, or a symlink\n   restore   Restore working tree files\n   rm        Remove files from the working tree and from the index\n\nexamine the history and state (see also: git help revisions)\n   bisect    Use binary search to find the commit that introduced a bug\n   diff      Show changes between commits, commit and working tree, etc\n   grep      Print lines matching a pattern\n   log       Show commit logs\n   show      Show various types of objects\n   status    Show the working tree status\n\ngrow, mark and tweak your common history\n   branch    List, create, or delete branches\n   commit    Record changes to the repository\n   merge     Join two or more development histories together\n   rebase    Reapply commits on top of another base tip\n   reset     Reset current HEAD to the specified state\n   switch    Switch branches\n   tag       Create, list, delete or verify a tag object signed with GPG\n\ncollaborate (see also: git help workflows)\n   fetch     Download objects and refs from another repository\n   pull      Fetch from and integrate with another repository or a local branch\n   push      Update remote refs along with associated objects\n\n'git help -a' and 'git help -g' list available subcommands and some\nconcept guides. See 'git help <command>' or 'git help <concept>'\nto read about a specific subcommand or concept.\nSee 'git help git' for an overview of the system.\n""
[0m20:41:15.056085 [debug] [MainThread]: STDERR: "b''"
[0m20:41:15.056229 [info ] [MainThread]:  - git [[32mOK found[0m]

[0m20:41:15.056363 [info ] [MainThread]: Connection:
[0m20:41:15.056502 [info ] [MainThread]:   host: adb-1467453450897574.14.azuredatabricks.net
[0m20:41:15.056606 [info ] [MainThread]:   http_path: sql/protocolv1/o/1467453450897574/0617-091726-uh57x7i
[0m20:41:15.056707 [info ] [MainThread]:   catalog: hive_metastore
[0m20:41:15.056801 [info ] [MainThread]:   schema: fivetranpocsample
[0m20:41:15.056896 [info ] [MainThread]:   session_properties: {'spark.databricks.delta.preview.enabled': True}
[0m20:41:15.057162 [info ] [MainThread]: Registered adapter: databricks=1.10.3
[0m20:41:15.107954 [debug] [MainThread]: Databricks adapter: DatabricksDBTConnection(session-id=None, name=debug, idle-time=0s, language=None, compute-name=) - Creating connection
[0m20:41:15.108231 [debug] [MainThread]: Acquiring new databricks connection 'debug'
[0m20:41:15.108353 [debug] [MainThread]: Using databricks connection "debug"
[0m20:41:15.108451 [debug] [MainThread]: On debug: select 1 as id
[0m20:41:15.108542 [debug] [MainThread]: Opening a new connection, currently in state init
[0m20:47:14.108750 [debug] [MainThread]: Sending event: {'category': 'dbt', 'action': 'invocation', 'label': 'start', 'context': [<snowplow_tracker.self_describing_json.SelfDescribingJson object at 0x10479a530>, <snowplow_tracker.self_describing_json.SelfDescribingJson object at 0x10694d960>, <snowplow_tracker.self_describing_json.SelfDescribingJson object at 0x10694d210>]}


============================== 20:47:14.113027 | b714693f-9788-4b0d-91a1-395d170c6c58 ==============================
[0m20:47:14.113027 [info ] [MainThread]: Running with dbt=1.6.18
[0m20:47:14.113300 [debug] [MainThread]: running dbt with arguments {'printer_width': '80', 'indirect_selection': 'eager', 'log_cache_events': 'False', 'write_json': 'True', 'partial_parse': 'True', 'cache_selected_only': 'False', 'profiles_dir': '/Users/pranayteja/.dbt', 'version_check': 'True', 'debug': 'False', 'log_path': '/Users/pranayteja/fivetran_transformations/fivetran_dbt/logs', 'warn_error': 'None', 'fail_fast': 'False', 'use_colors': 'True', 'use_experimental_parser': 'False', 'no_print': 'None', 'quiet': 'False', 'warn_error_options': 'WarnErrorOptions(include=[], exclude=[])', 'invocation_command': 'dbt debug', 'log_format': 'default', 'introspect': 'True', 'target_path': 'None', 'static_parser': 'True', 'send_anonymous_usage_stats': 'True'}
[0m20:47:14.113542 [info ] [MainThread]: dbt version: 1.6.18
[0m20:47:14.113687 [info ] [MainThread]: python version: 3.10.18
[0m20:47:14.113816 [info ] [MainThread]: python path: /opt/homebrew/opt/python@3.10/bin/python3.10
[0m20:47:14.113943 [info ] [MainThread]: os info: macOS-15.5-arm64-arm-64bit
[0m20:47:15.458464 [error] [MainThread]: Encountered an error:
numpy.dtype size changed, may indicate binary incompatibility. Expected 96 from C header, got 88 from PyObject
[0m20:47:15.464306 [error] [MainThread]: Traceback (most recent call last):
  File "/opt/homebrew/lib/python3.10/site-packages/dbt/cli/requires.py", line 87, in wrapper
    result, success = func(*args, **kwargs)
  File "/opt/homebrew/lib/python3.10/site-packages/dbt/cli/requires.py", line 72, in wrapper
    return func(*args, **kwargs)
  File "/opt/homebrew/lib/python3.10/site-packages/dbt/cli/main.py", line 441, in debug
    results = task.run()
  File "/opt/homebrew/lib/python3.10/site-packages/dbt/task/debug.py", line 122, in run
    load_profile_status: SubtaskStatus = self._load_profile()
  File "/opt/homebrew/lib/python3.10/site-packages/dbt/task/debug.py", line 211, in _load_profile
    profile: Profile = Profile.render(
  File "/opt/homebrew/lib/python3.10/site-packages/dbt/config/profile.py", line 399, in render
    return cls.from_raw_profiles(
  File "/opt/homebrew/lib/python3.10/site-packages/dbt/config/profile.py", line 365, in from_raw_profiles
    return cls.from_raw_profile_info(
  File "/opt/homebrew/lib/python3.10/site-packages/dbt/config/profile.py", line 321, in from_raw_profile_info
    credentials: Credentials = cls._credentials_from_profile(
  File "/opt/homebrew/lib/python3.10/site-packages/dbt/config/profile.py", line 145, in _credentials_from_profile
    cls = load_plugin(typename)
  File "/opt/homebrew/lib/python3.10/site-packages/dbt/adapters/factory.py", line 212, in load_plugin
    return FACTORY.load_plugin(name)
  File "/opt/homebrew/lib/python3.10/site-packages/dbt/adapters/factory.py", line 58, in load_plugin
    mod: Any = import_module("." + name, "dbt.adapters")
  File "/opt/homebrew/Cellar/python@3.10/3.10.18/Frameworks/Python.framework/Versions/3.10/lib/python3.10/importlib/__init__.py", line 126, in import_module
    return _bootstrap._gcd_import(name[level:], package, level)
  File "<frozen importlib._bootstrap>", line 1050, in _gcd_import
  File "<frozen importlib._bootstrap>", line 1027, in _find_and_load
  File "<frozen importlib._bootstrap>", line 1006, in _find_and_load_unlocked
  File "<frozen importlib._bootstrap>", line 688, in _load_unlocked
  File "<frozen importlib._bootstrap_external>", line 883, in exec_module
  File "<frozen importlib._bootstrap>", line 241, in _call_with_frames_removed
  File "/opt/homebrew/lib/python3.10/site-packages/dbt/adapters/databricks/__init__.py", line 1, in <module>
    from dbt.adapters.databricks.connections import DatabricksConnectionManager  # noqa
  File "/opt/homebrew/lib/python3.10/site-packages/dbt/adapters/databricks/connections.py", line 48, in <module>
    from databricks.sql.client import (
  File "/opt/homebrew/lib/python3.10/site-packages/databricks/sql/client.py", line 3, in <module>
    import pandas
  File "/opt/homebrew/lib/python3.10/site-packages/pandas/__init__.py", line 22, in <module>
    from pandas.compat import is_numpy_dev as _is_numpy_dev  # pyright: ignore # noqa:F401
  File "/opt/homebrew/lib/python3.10/site-packages/pandas/compat/__init__.py", line 18, in <module>
    from pandas.compat.numpy import (
  File "/opt/homebrew/lib/python3.10/site-packages/pandas/compat/numpy/__init__.py", line 4, in <module>
    from pandas.util.version import Version
  File "/opt/homebrew/lib/python3.10/site-packages/pandas/util/__init__.py", line 2, in <module>
    from pandas.util._decorators import (  # noqa:F401
  File "/opt/homebrew/lib/python3.10/site-packages/pandas/util/_decorators.py", line 14, in <module>
    from pandas._libs.properties import cache_readonly
  File "/opt/homebrew/lib/python3.10/site-packages/pandas/_libs/__init__.py", line 13, in <module>
    from pandas._libs.interval import Interval
  File "pandas/_libs/interval.pyx", line 1, in init pandas._libs.interval
ValueError: numpy.dtype size changed, may indicate binary incompatibility. Expected 96 from C header, got 88 from PyObject

[0m20:47:15.466036 [debug] [MainThread]: Command `dbt debug` failed at 20:47:15.465692 after 1.37 seconds
[0m20:47:15.466523 [debug] [MainThread]: Sending event: {'category': 'dbt', 'action': 'invocation', 'label': 'end', 'context': [<snowplow_tracker.self_describing_json.SelfDescribingJson object at 0x10479a530>, <snowplow_tracker.self_describing_json.SelfDescribingJson object at 0x106a40910>, <snowplow_tracker.self_describing_json.SelfDescribingJson object at 0x106db1870>]}
[0m20:47:15.467007 [debug] [MainThread]: Flushing usage events
[0m20:48:08.871996 [debug] [MainThread]: Sending event: {'category': 'dbt', 'action': 'invocation', 'label': 'start', 'context': [<snowplow_tracker.self_describing_json.SelfDescribingJson object at 0x105e32410>, <snowplow_tracker.self_describing_json.SelfDescribingJson object at 0x102435480>, <snowplow_tracker.self_describing_json.SelfDescribingJson object at 0x1023769b0>]}


============================== 20:48:08.874312 | f881e538-17be-4a52-874e-b43fdd1b8fb1 ==============================
[0m20:48:08.874312 [info ] [MainThread]: Running with dbt=1.6.18
[0m20:48:08.874571 [debug] [MainThread]: running dbt with arguments {'printer_width': '80', 'indirect_selection': 'eager', 'write_json': 'True', 'log_cache_events': 'False', 'partial_parse': 'True', 'cache_selected_only': 'False', 'profiles_dir': '/Users/pranayteja/.dbt', 'version_check': 'True', 'debug': 'False', 'log_path': '/Users/pranayteja/fivetran_transformations/fivetran_dbt/logs', 'fail_fast': 'False', 'warn_error': 'None', 'use_colors': 'True', 'use_experimental_parser': 'False', 'no_print': 'None', 'quiet': 'False', 'warn_error_options': 'WarnErrorOptions(include=[], exclude=[])', 'static_parser': 'True', 'log_format': 'default', 'introspect': 'True', 'target_path': 'None', 'invocation_command': 'dbt debug', 'send_anonymous_usage_stats': 'True'}
[0m20:48:08.874823 [info ] [MainThread]: dbt version: 1.6.18
[0m20:48:08.874950 [info ] [MainThread]: python version: 3.10.18
[0m20:48:08.875071 [info ] [MainThread]: python path: /opt/homebrew/opt/python@3.10/bin/python3.10
[0m20:48:08.875191 [info ] [MainThread]: os info: macOS-15.5-arm64-arm-64bit
[0m20:48:20.081662 [error] [MainThread]: Encountered an error:
cannot import name 'HeaderFactory' from 'databricks.sdk.core' (/opt/homebrew/lib/python3.10/site-packages/databricks/sdk/core.py)
[0m20:48:20.084604 [error] [MainThread]: Traceback (most recent call last):
  File "/opt/homebrew/lib/python3.10/site-packages/dbt/cli/requires.py", line 87, in wrapper
    result, success = func(*args, **kwargs)
  File "/opt/homebrew/lib/python3.10/site-packages/dbt/cli/requires.py", line 72, in wrapper
    return func(*args, **kwargs)
  File "/opt/homebrew/lib/python3.10/site-packages/dbt/cli/main.py", line 441, in debug
    results = task.run()
  File "/opt/homebrew/lib/python3.10/site-packages/dbt/task/debug.py", line 122, in run
    load_profile_status: SubtaskStatus = self._load_profile()
  File "/opt/homebrew/lib/python3.10/site-packages/dbt/task/debug.py", line 211, in _load_profile
    profile: Profile = Profile.render(
  File "/opt/homebrew/lib/python3.10/site-packages/dbt/config/profile.py", line 399, in render
    return cls.from_raw_profiles(
  File "/opt/homebrew/lib/python3.10/site-packages/dbt/config/profile.py", line 365, in from_raw_profiles
    return cls.from_raw_profile_info(
  File "/opt/homebrew/lib/python3.10/site-packages/dbt/config/profile.py", line 321, in from_raw_profile_info
    credentials: Credentials = cls._credentials_from_profile(
  File "/opt/homebrew/lib/python3.10/site-packages/dbt/config/profile.py", line 145, in _credentials_from_profile
    cls = load_plugin(typename)
  File "/opt/homebrew/lib/python3.10/site-packages/dbt/adapters/factory.py", line 212, in load_plugin
    return FACTORY.load_plugin(name)
  File "/opt/homebrew/lib/python3.10/site-packages/dbt/adapters/factory.py", line 58, in load_plugin
    mod: Any = import_module("." + name, "dbt.adapters")
  File "/opt/homebrew/Cellar/python@3.10/3.10.18/Frameworks/Python.framework/Versions/3.10/lib/python3.10/importlib/__init__.py", line 126, in import_module
    return _bootstrap._gcd_import(name[level:], package, level)
  File "<frozen importlib._bootstrap>", line 1050, in _gcd_import
  File "<frozen importlib._bootstrap>", line 1027, in _find_and_load
  File "<frozen importlib._bootstrap>", line 1006, in _find_and_load_unlocked
  File "<frozen importlib._bootstrap>", line 688, in _load_unlocked
  File "<frozen importlib._bootstrap_external>", line 883, in exec_module
  File "<frozen importlib._bootstrap>", line 241, in _call_with_frames_removed
  File "/opt/homebrew/lib/python3.10/site-packages/dbt/adapters/databricks/__init__.py", line 1, in <module>
    from dbt.adapters.databricks.connections import DatabricksConnectionManager  # noqa
  File "/opt/homebrew/lib/python3.10/site-packages/dbt/adapters/databricks/connections.py", line 59, in <module>
    from dbt.adapters.databricks.auth import token_auth, m2m_auth
  File "/opt/homebrew/lib/python3.10/site-packages/dbt/adapters/databricks/auth.py", line 3, in <module>
    from databricks.sdk.core import CredentialsProvider, HeaderFactory, Config, credentials_provider
ImportError: cannot import name 'HeaderFactory' from 'databricks.sdk.core' (/opt/homebrew/lib/python3.10/site-packages/databricks/sdk/core.py)

[0m20:48:20.085030 [debug] [MainThread]: Command `dbt debug` failed at 20:48:20.084977 after 11.23 seconds
[0m20:48:20.085198 [debug] [MainThread]: Sending event: {'category': 'dbt', 'action': 'invocation', 'label': 'end', 'context': [<snowplow_tracker.self_describing_json.SelfDescribingJson object at 0x105e32410>, <snowplow_tracker.self_describing_json.SelfDescribingJson object at 0x1142623b0>, <snowplow_tracker.self_describing_json.SelfDescribingJson object at 0x16a6efee0>]}
[0m20:48:20.085359 [debug] [MainThread]: Flushing usage events
[0m20:48:53.371068 [debug] [MainThread]: Sending event: {'category': 'dbt', 'action': 'invocation', 'label': 'start', 'context': [<snowplow_tracker.self_describing_json.SelfDescribingJson object at 0x107016410>, <snowplow_tracker.self_describing_json.SelfDescribingJson object at 0x104bbd480>, <snowplow_tracker.self_describing_json.SelfDescribingJson object at 0x104afe9b0>]}


============================== 20:48:53.373364 | 247e1dbe-9b51-46f6-90ef-a66cb1f47458 ==============================
[0m20:48:53.373364 [info ] [MainThread]: Running with dbt=1.6.18
[0m20:48:53.373631 [debug] [MainThread]: running dbt with arguments {'printer_width': '80', 'indirect_selection': 'eager', 'write_json': 'True', 'log_cache_events': 'False', 'partial_parse': 'True', 'cache_selected_only': 'False', 'warn_error': 'None', 'fail_fast': 'False', 'version_check': 'True', 'log_path': '/Users/pranayteja/fivetran_transformations/fivetran_dbt/logs', 'profiles_dir': '/Users/pranayteja/.dbt', 'debug': 'False', 'use_colors': 'True', 'use_experimental_parser': 'False', 'no_print': 'None', 'quiet': 'False', 'warn_error_options': 'WarnErrorOptions(include=[], exclude=[])', 'static_parser': 'True', 'introspect': 'True', 'log_format': 'default', 'target_path': 'None', 'invocation_command': 'dbt debug', 'send_anonymous_usage_stats': 'True'}
[0m20:48:53.373873 [info ] [MainThread]: dbt version: 1.6.18
[0m20:48:53.374007 [info ] [MainThread]: python version: 3.10.18
[0m20:48:53.374132 [info ] [MainThread]: python path: /opt/homebrew/opt/python@3.10/bin/python3.10
[0m20:48:53.374261 [info ] [MainThread]: os info: macOS-15.5-arm64-arm-64bit
[0m20:48:54.056359 [info ] [MainThread]: Using profiles dir at /Users/pranayteja/.dbt
[0m20:48:54.056626 [info ] [MainThread]: Using profiles.yml file at /Users/pranayteja/.dbt/profiles.yml
[0m20:48:54.056784 [info ] [MainThread]: Using dbt_project.yml file at /Users/pranayteja/fivetran_transformations/fivetran_dbt/dbt_project.yml
[0m20:48:54.056946 [info ] [MainThread]: adapter type: databricks
[0m20:48:54.057074 [info ] [MainThread]: adapter version: 1.6.0
[0m20:48:54.068020 [info ] [MainThread]: Configuration:
[0m20:48:54.068265 [info ] [MainThread]:   profiles.yml file [[32mOK found and valid[0m]
[0m20:48:54.068404 [info ] [MainThread]:   dbt_project.yml file [[32mOK found and valid[0m]
[0m20:48:54.068551 [info ] [MainThread]: Required dependencies:
[0m20:48:54.068794 [debug] [MainThread]: Executing "git --help"
[0m20:48:54.089435 [debug] [MainThread]: STDOUT: "b"usage: git [-v | --version] [-h | --help] [-C <path>] [-c <name>=<value>]\n           [--exec-path[=<path>]] [--html-path] [--man-path] [--info-path]\n           [-p | --paginate | -P | --no-pager] [--no-replace-objects] [--bare]\n           [--git-dir=<path>] [--work-tree=<path>] [--namespace=<name>]\n           [--super-prefix=<path>] [--config-env=<name>=<envvar>]\n           <command> [<args>]\n\nThese are common Git commands used in various situations:\n\nstart a working area (see also: git help tutorial)\n   clone     Clone a repository into a new directory\n   init      Create an empty Git repository or reinitialize an existing one\n\nwork on the current change (see also: git help everyday)\n   add       Add file contents to the index\n   mv        Move or rename a file, a directory, or a symlink\n   restore   Restore working tree files\n   rm        Remove files from the working tree and from the index\n\nexamine the history and state (see also: git help revisions)\n   bisect    Use binary search to find the commit that introduced a bug\n   diff      Show changes between commits, commit and working tree, etc\n   grep      Print lines matching a pattern\n   log       Show commit logs\n   show      Show various types of objects\n   status    Show the working tree status\n\ngrow, mark and tweak your common history\n   branch    List, create, or delete branches\n   commit    Record changes to the repository\n   merge     Join two or more development histories together\n   rebase    Reapply commits on top of another base tip\n   reset     Reset current HEAD to the specified state\n   switch    Switch branches\n   tag       Create, list, delete or verify a tag object signed with GPG\n\ncollaborate (see also: git help workflows)\n   fetch     Download objects and refs from another repository\n   pull      Fetch from and integrate with another repository or a local branch\n   push      Update remote refs along with associated objects\n\n'git help -a' and 'git help -g' list available subcommands and some\nconcept guides. See 'git help <command>' or 'git help <concept>'\nto read about a specific subcommand or concept.\nSee 'git help git' for an overview of the system.\n""
[0m20:48:54.089956 [debug] [MainThread]: STDERR: "b''"
[0m20:48:54.090140 [info ] [MainThread]:  - git [[32mOK found[0m]

[0m20:48:54.090294 [info ] [MainThread]: Connection:
[0m20:48:54.090473 [info ] [MainThread]:   host: adb-1467453450897574.14.azuredatabricks.net
[0m20:48:54.090606 [info ] [MainThread]:   http_path: sql/protocolv1/o/1467453450897574/0617-091726-uh57x7i
[0m20:48:54.090728 [info ] [MainThread]:   catalog: hive_metastore
[0m20:48:54.090848 [info ] [MainThread]:   schema: fivetranpocsample
[0m20:48:54.091093 [info ] [MainThread]: Registered adapter: databricks=1.6.0
[0m20:48:54.421284 [debug] [MainThread]: Acquiring new databricks connection 'debug'
[0m20:48:54.422931 [debug] [MainThread]: Using databricks connection "debug"
[0m20:48:54.423335 [debug] [MainThread]: On debug: select 1 as id
[0m20:48:54.423748 [debug] [MainThread]: Opening a new connection, currently in state init
[0m20:48:55.992407 [info ] [MainThread]: databricks-sql-connector adapter: Successfully opened session 10f4f10c-9499-4c4f-8289-d797e58b82e9
[0m20:49:07.365182 [debug] [MainThread]: SQL status: OK in 12.9399995803833 seconds
[0m20:49:07.731724 [debug] [MainThread]: On debug: Close
[0m20:49:07.732673 [info ] [MainThread]: databricks-sql-connector adapter: Closing session 10f4f10c-9499-4c4f-8289-d797e58b82e9
[0m20:49:07.995519 [info ] [MainThread]:   Connection test: [[32mOK connection ok[0m]

[0m20:49:07.996752 [info ] [MainThread]: [32mAll checks passed![0m
[0m20:49:07.998150 [debug] [MainThread]: Command `dbt debug` succeeded at 20:49:07.997852 after 14.64 seconds
[0m20:49:07.999042 [debug] [MainThread]: Connection 'debug' was properly closed.
[0m20:49:07.999965 [debug] [MainThread]: Sending event: {'category': 'dbt', 'action': 'invocation', 'label': 'end', 'context': [<snowplow_tracker.self_describing_json.SelfDescribingJson object at 0x107016410>, <snowplow_tracker.self_describing_json.SelfDescribingJson object at 0x105755180>, <snowplow_tracker.self_describing_json.SelfDescribingJson object at 0x142f808e0>]}
[0m20:49:08.000647 [debug] [MainThread]: Flushing usage events
[0m22:23:19.985259 [debug] [MainThread]: Sending event: {'category': 'dbt', 'action': 'invocation', 'label': 'start', 'context': [<snowplow_tracker.self_describing_json.SelfDescribingJson object at 0x103fa0910>, <snowplow_tracker.self_describing_json.SelfDescribingJson object at 0x100b09480>, <snowplow_tracker.self_describing_json.SelfDescribingJson object at 0x100a4a9b0>]}


============================== 22:23:19.987690 | ade0bcf0-0d01-44e5-8685-c59316d71a58 ==============================
[0m22:23:19.987690 [info ] [MainThread]: Running with dbt=1.6.18
[0m22:23:19.987999 [debug] [MainThread]: running dbt with arguments {'printer_width': '80', 'indirect_selection': 'eager', 'log_cache_events': 'False', 'write_json': 'True', 'partial_parse': 'True', 'cache_selected_only': 'False', 'profiles_dir': '/Users/pranayteja/.dbt', 'fail_fast': 'False', 'warn_error': 'None', 'log_path': 'logs', 'debug': 'False', 'version_check': 'True', 'use_colors': 'True', 'use_experimental_parser': 'False', 'no_print': 'None', 'quiet': 'False', 'log_format': 'default', 'introspect': 'True', 'warn_error_options': 'WarnErrorOptions(include=[], exclude=[])', 'invocation_command': 'dbt init fivetran_dbt', 'target_path': 'None', 'static_parser': 'True', 'send_anonymous_usage_stats': 'True'}
[0m22:23:19.988892 [debug] [MainThread]: Starter project path: /opt/homebrew/lib/python3.10/site-packages/dbt/include/starter_project
[0m22:23:19.992114 [info ] [MainThread]: 
Your new dbt project "fivetran_dbt" was created!

For more information on how to configure the profiles.yml file,
please consult the dbt documentation here:

  https://docs.getdbt.com/docs/configure-your-profile

One more thing:

Need help? Don't hesitate to reach out to us via GitHub issues or on Slack:

  https://community.getdbt.com/

Happy modeling!

[0m22:23:19.992381 [info ] [MainThread]: Setting up your profile.
